<?xml version="1.0" encoding="UTF-8"?>
<testng-results ignored="0" total="1" passed="1" failed="0" skipped="0">
  <reporter-output>
  </reporter-output>
  <suite started-at="2024-07-15T17:32:24 IST" name="Suite" finished-at="2024-07-15T17:32:37 IST" duration-ms="12506">
    <groups>
      <group name="Master">
        <method signature="Registration.verifyacountreg()[pri:0, instance:testCases.Registration@13f17eb4]" name="verifyacountreg" class="testCases.Registration"/>
      </group> <!-- Master -->
      <group name="Regression">
        <method signature="Registration.verifyacountreg()[pri:0, instance:testCases.Registration@13f17eb4]" name="verifyacountreg" class="testCases.Registration"/>
      </group> <!-- Regression -->
    </groups>
    <test started-at="2024-07-15T17:32:24 IST" name="Test" finished-at="2024-07-15T17:32:37 IST" duration-ms="12506">
      <class name="testCases.Registration">
        <test-method is-config="true" signature="setup(java.lang.String,java.lang.String)[pri:0, instance:testCases.Registration@13f17eb4]" started-at="2024-07-15T17:32:25 IST" name="setup" finished-at="2024-07-15T17:32:32 IST" duration-ms="7266" status="PASS">
          <params>
            <param index="0">
              <value>
                <![CDATA[windows]]>
              </value>
            </param>
            <param index="1">
              <value>
                <![CDATA[chrome]]>
              </value>
            </param>
          </params>
          <reporter-output>
          </reporter-output>
        </test-method> <!-- setup -->
        <test-method signature="verifyacountreg()[pri:0, instance:testCases.Registration@13f17eb4]" started-at="2024-07-15T17:32:32 IST" name="verifyacountreg" finished-at="2024-07-15T17:32:36 IST" duration-ms="4214" status="PASS">
          <reporter-output>
          </reporter-output>
        </test-method> <!-- verifyacountreg -->
        <test-method is-config="true" signature="tearDown()[pri:0, instance:testCases.Registration@13f17eb4]" started-at="2024-07-15T17:32:36 IST" name="tearDown" finished-at="2024-07-15T17:32:37 IST" duration-ms="348" status="PASS">
          <reporter-output>
          </reporter-output>
        </test-method> <!-- tearDown -->
      </class> <!-- testCases.Registration -->
    </test> <!-- Test -->
  </suite> <!-- Suite -->
</testng-results>
