<?xml version="1.0" encoding="UTF-8"?>
<testng-results ignored="0" total="1" passed="1" failed="0" skipped="0">
  <reporter-output>
  </reporter-output>
  <suite started-at="2024-07-15T15:55:03 IST" name="Suite" finished-at="2024-07-15T15:55:11 IST" duration-ms="8066">
    <groups>
      <group name="Master">
        <method signature="Registration.verifyacountreg()[pri:0, instance:testCases.Registration@5149f008]" name="verifyacountreg" class="testCases.Registration"/>
      </group> <!-- Master -->
      <group name="Regression">
        <method signature="Registration.verifyacountreg()[pri:0, instance:testCases.Registration@5149f008]" name="verifyacountreg" class="testCases.Registration"/>
      </group> <!-- Regression -->
    </groups>
    <test started-at="2024-07-15T15:55:03 IST" name="Test" finished-at="2024-07-15T15:55:11 IST" duration-ms="8066">
      <class name="testCases.Registration">
        <test-method is-config="true" signature="setup(java.lang.String,java.lang.String)[pri:0, instance:testCases.Registration@5149f008]" started-at="2024-07-15T15:55:03 IST" name="setup" finished-at="2024-07-15T15:55:08 IST" duration-ms="4827" status="PASS">
          <params>
            <param index="0">
              <value>
                <![CDATA[windows]]>
              </value>
            </param>
            <param index="1">
              <value>
                <![CDATA[chrome]]>
              </value>
            </param>
          </params>
          <reporter-output>
          </reporter-output>
        </test-method> <!-- setup -->
        <test-method signature="verifyacountreg()[pri:0, instance:testCases.Registration@5149f008]" started-at="2024-07-15T15:55:08 IST" name="verifyacountreg" finished-at="2024-07-15T15:55:11 IST" duration-ms="2631" status="PASS">
          <reporter-output>
          </reporter-output>
        </test-method> <!-- verifyacountreg -->
        <test-method is-config="true" signature="tearDown()[pri:0, instance:testCases.Registration@5149f008]" started-at="2024-07-15T15:55:11 IST" name="tearDown" finished-at="2024-07-15T15:55:11 IST" duration-ms="209" status="PASS">
          <reporter-output>
          </reporter-output>
        </test-method> <!-- tearDown -->
      </class> <!-- testCases.Registration -->
    </test> <!-- Test -->
  </suite> <!-- Suite -->
</testng-results>
